<?xml version="1.0" encoding="UTF-8"?>
<testng-results ignored="0" total="1" passed="1" failed="0" skipped="0">
  <reporter-output>
  </reporter-output>
  <suite started-at="2022-04-03T19:44:34 IST" name="ProjectSuite" finished-at="2022-04-03T19:44:46 IST" duration-ms="12215">
    <groups>
    </groups>
    <test started-at="2022-04-03T19:44:34 IST" name="ReebokProject" finished-at="2022-04-03T19:44:46 IST" duration-ms="12215">
      <class name="jenkins.JenkinsReebok">
        <test-method signature="f()[pri:0, instance:jenkins.JenkinsReebok@d35dea7]" started-at="2022-04-03T19:44:34 IST" name="f" finished-at="2022-04-03T19:44:46 IST" duration-ms="12193" status="PASS">
          <reporter-output>
          </reporter-output>
        </test-method> <!-- f -->
      </class> <!-- jenkins.JenkinsReebok -->
    </test> <!-- ReebokProject -->
  </suite> <!-- ProjectSuite -->
</testng-results>
